<?xml version="1.0" encoding="UTF-8"?>
<!-- Generated by org.testng.reporters.JUnitReportReporter -->
<testsuite hostname="DESKTOP-95P10MB" name="com.google.testcases.Google_06_Test" tests="1" failures="0" timestamp="2 Aug 2019 08:06:41 GMT" time="0.000" errors="1">
  <testcase name="quit" time="0.000" classname="com.google.testcases.Google_06_Test"/>
</testsuite> <!-- com.google.testcases.Google_06_Test -->
