<?xml version="1.0" encoding="UTF-8"?>
<!-- Generated by org.testng.reporters.JUnitReportReporter -->
<testsuite hostname="DESKTOP-95P10MB" name="com.google.testcases.Google_01_Test" tests="5" failures="0" timestamp="2 Aug 2019 08:06:41 GMT" time="0.001" errors="5">
  <testcase name="CheckGoogleSearch" time="0.000" classname="com.google.testcases.Google_01_Test"/>
  <testcase name="CheckSignin" time="0.000" classname="com.google.testcases.Google_01_Test"/>
  <testcase name="CheckLuckybtn" time="0.000" classname="com.google.testcases.Google_01_Test"/>
  <testcase name="clickGoogle" time="0.001" classname="com.google.testcases.Google_01_Test"/>
  <testcase name="checkSearch" time="0.000" classname="com.google.testcases.Google_01_Test"/>
</testsuite> <!-- com.google.testcases.Google_01_Test -->
