<?xml version="1.0" encoding="UTF-8"?>
<!-- Generated by org.testng.reporters.JUnitReportReporter -->
<testsuite hostname="DESKTOP-95P10MB" name="com.google.testcases.Google_04_AccountSignInTest" tests="2" failures="0" timestamp="2 Aug 2019 08:06:41 GMT" time="0.002" errors="2">
  <testcase name="createAccount" time="0.001" classname="com.google.testcases.Google_04_AccountSignInTest"/>
  <testcase name="matchAccount" time="0.001" classname="com.google.testcases.Google_04_AccountSignInTest"/>
</testsuite> <!-- com.google.testcases.Google_04_AccountSignInTest -->
