<?xml version="1.0" encoding="UTF-8"?>
<!-- Generated by org.testng.reporters.JUnitReportReporter -->
<testsuite hostname="DESKTOP-95P10MB" name="com.google.pages.Google01Page" tests="1" failures="0" timestamp="17 Jun 2019 07:25:10 GMT" time="30.946" errors="0">
  <testcase name="test" time="30.946" classname="com.google.pages.Google01Page"/>
</testsuite> <!-- com.google.pages.Google01Page -->
