<?xml version="1.0" encoding="UTF-8"?>
<!-- Generated by org.testng.reporters.JUnitReportReporter -->
<testsuite hostname="DESKTOP-95P10MB" name="com.google.testcases.Google_03_GooglePlusTest" tests="3" failures="0" timestamp="2 Aug 2019 08:06:41 GMT" time="0.007" errors="3">
  <testcase name="GooglePlusSearchBox" time="0.006" classname="com.google.testcases.Google_03_GooglePlusTest"/>
  <testcase name="getTitle" time="0.000" classname="com.google.testcases.Google_03_GooglePlusTest"/>
  <testcase name="checkGoogleplustext" time="0.001" classname="com.google.testcases.Google_03_GooglePlusTest"/>
</testsuite> <!-- com.google.testcases.Google_03_GooglePlusTest -->
