<?xml version="1.0" encoding="UTF-8"?>
<!-- Generated by org.testng.reporters.JUnitReportReporter -->
<testsuite hostname="DESKTOP-95P10MB" name="com.google.testcases.Google_02_Test" tests="12" failures="0" timestamp="2 Aug 2019 08:06:41 GMT" time="0.004" errors="12">
  <testcase name="checkDrive" time="0.001" classname="com.google.testcases.Google_02_Test"/>
  <testcase name="checkCalender" time="0.000" classname="com.google.testcases.Google_02_Test"/>
  <testcase name="checkYoutube" time="0.001" classname="com.google.testcases.Google_02_Test"/>
  <testcase name="checkTranslate" time="0.000" classname="com.google.testcases.Google_02_Test"/>
  <testcase name="checkSearchbtn" time="0.000" classname="com.google.testcases.Google_02_Test"/>
  <testcase name="checkPhotos" time="0.000" classname="com.google.testcases.Google_02_Test"/>
  <testcase name="checkGmail" time="0.000" classname="com.google.testcases.Google_02_Test"/>
  <testcase name="checkPlaystore" time="0.001" classname="com.google.testcases.Google_02_Test"/>
  <testcase name="checkMap" time="0.000" classname="com.google.testcases.Google_02_Test"/>
  <testcase name="checkGooglePlus" time="0.001" classname="com.google.testcases.Google_02_Test"/>
  <testcase name="checkAccount" time="0.000" classname="com.google.testcases.Google_02_Test"/>
  <testcase name="checkNews" time="0.000" classname="com.google.testcases.Google_02_Test"/>
</testsuite> <!-- com.google.testcases.Google_02_Test -->
