<?xml version="1.0" encoding="UTF-8"?>
<!-- Generated by org.testng.reporters.JUnitReportReporter -->
<testsuite hostname="DESKTOP-95P10MB" name="com.google.testcases.Google_04_MyAccountTest" tests="1" failures="0" timestamp="21 Jun 2019 06:41:40 GMT" time="122.650" errors="0">
  <testcase name="test" time="122.650" classname="com.google.testcases.Google_04_MyAccountTest"/>
</testsuite> <!-- com.google.testcases.Google_04_MyAccountTest -->
