<?xml version="1.0" encoding="UTF-8"?>
<!-- Generated by org.testng.reporters.JUnitReportReporter -->
<testsuite hostname="DESKTOP-95P10MB" name="com.google.testcases.Google_03_GmailTest" tests="4" failures="0" timestamp="2 Aug 2019 08:06:41 GMT" time="0.001" errors="4">
  <testcase name="checkCreateAccBtn" time="0.001" classname="com.google.testcases.Google_03_GmailTest"/>
  <testcase name="checkGmailImg" time="0.000" classname="com.google.testcases.Google_03_GmailTest"/>
  <testcase name="checkSignInBtn" time="0.000" classname="com.google.testcases.Google_03_GmailTest"/>
  <testcase name="getTitle" time="0.000" classname="com.google.testcases.Google_03_GmailTest"/>
</testsuite> <!-- com.google.testcases.Google_03_GmailTest -->
