<?xml version="1.0" encoding="UTF-8"?>
<!-- Generated by org.testng.reporters.JUnitReportReporter -->
<testsuite hostname="DESKTOP-95P10MB" name="com.google.testcases.Google_10_GmailVerifyTest" tests="1" failures="0" timestamp="3 Aug 2019 07:41:38 GMT" time="115.520" errors="0">
  <testcase name="createAccount" time="115.520" classname="com.google.testcases.Google_10_GmailVerifyTest"/>
</testsuite> <!-- com.google.testcases.Google_10_GmailVerifyTest -->
