<?xml version="1.0" encoding="UTF-8"?>
<!-- Generated by org.testng.reporters.JUnitReportReporter -->
<testsuite hostname="DESKTOP-95P10MB" name="com.google.testcases.Google_08_ProductWebTest" tests="42" failures="0" timestamp="2 Aug 2019 08:06:41 GMT" time="0.046" errors="42">
  <testcase name="checksales" time="0.001" classname="com.google.testcases.Google_08_ProductWebTest"/>
  <testcase name="checkgoogleChrome" time="0.002" classname="com.google.testcases.Google_08_ProductWebTest"/>
  <testcase name="checkdrive" time="0.017" classname="com.google.testcases.Google_08_ProductWebTest"/>
  <testcase name="checkscholar" time="0.000" classname="com.google.testcases.Google_08_ProductWebTest"/>
  <testcase name="checkwebSearch" time="0.000" classname="com.google.testcases.Google_08_ProductWebTest"/>
  <testcase name="checktoolBar" time="0.001" classname="com.google.testcases.Google_08_ProductWebTest"/>
  <testcase name="checkcode" time="0.001" classname="com.google.testcases.Google_08_ProductWebTest"/>
  <testcase name="checkforms" time="0.001" classname="com.google.testcases.Google_08_ProductWebTest"/>
  <testcase name="checkgooglecloudprint" time="0.000" classname="com.google.testcases.Google_08_ProductWebTest"/>
  <testcase name="checkgoogleAppsForWork" time="0.000" classname="com.google.testcases.Google_08_ProductWebTest"/>
  <testcase name="checkTranslate" time="0.001" classname="com.google.testcases.Google_08_ProductWebTest"/>
  <testcase name="checksheets" time="0.000" classname="com.google.testcases.Google_08_ProductWebTest"/>
  <testcase name="checkBookMarks" time="0.000" classname="com.google.testcases.Google_08_ProductWebTest"/>
  <testcase name="checkearth" time="0.000" classname="com.google.testcases.Google_08_ProductWebTest"/>
  <testcase name="checkgmail" time="0.000" classname="com.google.testcases.Google_08_ProductWebTest"/>
  <testcase name="checkadSense" time="0.001" classname="com.google.testcases.Google_08_ProductWebTest"/>
  <testcase name="checkpanorania" time="0.001" classname="com.google.testcases.Google_08_ProductWebTest"/>
  <testcase name="checkadMob" time="0.000" classname="com.google.testcases.Google_08_ProductWebTest"/>
  <testcase name="checkmobile" time="0.000" classname="com.google.testcases.Google_08_ProductWebTest"/>
  <testcase name="checkImageSearch" time="0.001" classname="com.google.testcases.Google_08_ProductWebTest"/>
  <testcase name="checkCalender" time="0.000" classname="com.google.testcases.Google_08_ProductWebTest"/>
  <testcase name="checkhangouts" time="0.001" classname="com.google.testcases.Google_08_ProductWebTest"/>
  <testcase name="checkmapsforMobile" time="0.000" classname="com.google.testcases.Google_08_ProductWebTest"/>
  <testcase name="checkgooglestore" time="0.002" classname="com.google.testcases.Google_08_ProductWebTest"/>
  <testcase name="checkadWords" time="0.000" classname="com.google.testcases.Google_08_ProductWebTest"/>
  <testcase name="checkmaps" time="0.002" classname="com.google.testcases.Google_08_ProductWebTest"/>
  <testcase name="checkGoogleplus" time="0.001" classname="com.google.testcases.Google_08_ProductWebTest"/>
  <testcase name="checkslides" time="0.000" classname="com.google.testcases.Google_08_ProductWebTest"/>
  <testcase name="checkdocs" time="0.004" classname="com.google.testcases.Google_08_ProductWebTest"/>
  <testcase name="checkgroups" time="0.001" classname="com.google.testcases.Google_08_ProductWebTest"/>
  <testcase name="checkdrawings" time="0.001" classname="com.google.testcases.Google_08_ProductWebTest"/>
  <testcase name="checkcustomeSearch" time="0.002" classname="com.google.testcases.Google_08_ProductWebTest"/>
  <testcase name="checksearchForMobiles" time="0.001" classname="com.google.testcases.Google_08_ProductWebTest"/>
  <testcase name="checkyouTube" time="0.000" classname="com.google.testcases.Google_08_ProductWebTest"/>
  <testcase name="checkblogger" time="0.000" classname="com.google.testcases.Google_08_ProductWebTest"/>
  <testcase name="checkgoogleMyBussiness" time="0.001" classname="com.google.testcases.Google_08_ProductWebTest"/>
  <testcase name="checkBooks" time="0.001" classname="com.google.testcases.Google_08_ProductWebTest"/>
  <testcase name="checkpicasa" time="0.002" classname="com.google.testcases.Google_08_ProductWebTest"/>
  <testcase name="checkNews" time="0.000" classname="com.google.testcases.Google_08_ProductWebTest"/>
  <testcase name="checktrends" time="0.000" classname="com.google.testcases.Google_08_ProductWebTest"/>
  <testcase name="checkgooglekeeps" time="0.000" classname="com.google.testcases.Google_08_ProductWebTest"/>
  <testcase name="checkvideoSearch" time="0.000" classname="com.google.testcases.Google_08_ProductWebTest"/>
</testsuite> <!-- com.google.testcases.Google_08_ProductWebTest -->
