<?xml version="1.0" encoding="UTF-8"?>
<!-- Generated by org.testng.reporters.JUnitReportReporter -->
<testsuite hostname="DESKTOP-95P10MB" name="com.google.testcases.Google01Test" tests="4" failures="0" timestamp="17 Jun 2019 08:09:14 GMT" time="81.785" errors="0">
  <testcase name="CheckGoogleSearch" time="19.933" classname="com.google.testcases.Google01Test"/>
  <testcase name="CheckSignin" time="23.033" classname="com.google.testcases.Google01Test"/>
  <testcase name="checkSearch" time="20.856" classname="com.google.testcases.Google01Test"/>
  <testcase name="CheckLuckybtn" time="17.963" classname="com.google.testcases.Google01Test"/>
</testsuite> <!-- com.google.testcases.Google01Test -->
