<?xml version="1.0" encoding="UTF-8"?>
<!-- Generated by org.testng.reporters.JUnitReportReporter -->
<testsuite hostname="DESKTOP-95P10MB" name="com.google.testcases.Goggle_03_YouTubeTest" tests="4" failures="0" timestamp="2 Aug 2019 08:06:41 GMT" time="0.004" errors="4">
  <testcase name="checkYoutubeSearchbox" time="0.000" classname="com.google.testcases.Goggle_03_YouTubeTest"/>
  <testcase name="checkUploadbtb" time="0.002" classname="com.google.testcases.Goggle_03_YouTubeTest"/>
  <testcase name="checkYoutubeText" time="0.001" classname="com.google.testcases.Goggle_03_YouTubeTest"/>
  <testcase name="compareTitle" time="0.001" classname="com.google.testcases.Goggle_03_YouTubeTest"/>
</testsuite> <!-- com.google.testcases.Goggle_03_YouTubeTest -->
