<?xml version="1.0" encoding="UTF-8"?>
<!-- Generated by org.testng.reporters.JUnitReportReporter -->
<testsuite hostname="DESKTOP-95P10MB" name="com.google.testcases.Google_15_VerifySearchOperationTest" tests="1" failures="0" timestamp="2 Aug 2019 08:06:41 GMT" time="0.001" errors="1">
  <testcase name="createAccount" time="0.001" classname="com.google.testcases.Google_15_VerifySearchOperationTest"/>
</testsuite> <!-- com.google.testcases.Google_15_VerifySearchOperationTest -->
