<?xml version="1.0" encoding="UTF-8"?>
<!-- Generated by org.testng.reporters.JUnitReportReporter -->
<testsuite hostname="DESKTOP-95P10MB" name="com.google.testcases.Google_03_DriveTest" tests="6" failures="0" timestamp="2 Aug 2019 08:06:41 GMT" time="0.012" errors="6">
  <testcase name="checkUsingDrive" time="0.001" classname="com.google.testcases.Google_03_DriveTest"/>
  <testcase name="checkDriveIcon" time="0.000" classname="com.google.testcases.Google_03_DriveTest"/>
  <testcase name="checkGoogleDriveText" time="0.000" classname="com.google.testcases.Google_03_DriveTest"/>
  <testcase name="getTitle" time="0.001" classname="com.google.testcases.Google_03_DriveTest"/>
  <testcase name="checkMeetDrive" time="0.009" classname="com.google.testcases.Google_03_DriveTest"/>
  <testcase name="checkGotoDrive" time="0.001" classname="com.google.testcases.Google_03_DriveTest"/>
</testsuite> <!-- com.google.testcases.Google_03_DriveTest -->
