<?xml version="1.0" encoding="UTF-8"?>
<!-- Generated by org.testng.reporters.JUnitReportReporter -->
<testsuite hostname="DESKTOP-95P10MB" name="com.google.testcases.Google_04_TranslateSignInTest" tests="1" failures="0" timestamp="2 Aug 2019 08:06:01 GMT" time="0.002" errors="1">
  <testcase name="Test" time="0.002" classname="com.google.testcases.Google_04_TranslateSignInTest"/>
</testsuite> <!-- com.google.testcases.Google_04_TranslateSignInTest -->
