<?xml version="1.0" encoding="UTF-8"?>
<!-- Generated by org.testng.reporters.JUnitReportReporter -->
<testsuite hostname="DESKTOP-95P10MB" name="com.google.testcases.Google_03_TranslateTest" tests="3" failures="0" timestamp="2 Aug 2019 08:06:41 GMT" time="0.001" errors="3">
  <testcase name="checkTranslateTxt" time="0.001" classname="com.google.testcases.Google_03_TranslateTest"/>
  <testcase name="checkTitle" time="0.000" classname="com.google.testcases.Google_03_TranslateTest"/>
  <testcase name="checkTranslateBtn" time="0.000" classname="com.google.testcases.Google_03_TranslateTest"/>
</testsuite> <!-- com.google.testcases.Google_03_TranslateTest -->
