<?xml version="1.0" encoding="UTF-8"?>
<!-- Generated by org.testng.reporters.JUnitReportReporter -->
<testsuite hostname="DESKTOP-95P10MB" name="com.google.pages.Google01" tests="1" failures="0" timestamp="17 Jun 2019 07:18:17 GMT" time="19.676" errors="0">
  <testcase name="test" time="19.676" classname="com.google.pages.Google01"/>
</testsuite> <!-- com.google.pages.Google01 -->
