<?xml version="1.0" encoding="UTF-8"?>
<!-- Generated by org.testng.reporters.JUnitReportReporter -->
<testsuite hostname="DESKTOP-95P10MB" name="com.google.testcases.Google_03_MyAccountTest" tests="2" failures="0" timestamp="2 Aug 2019 08:06:41 GMT" time="0.003" errors="2">
  <testcase name="getTitle" time="0.001" classname="com.google.testcases.Google_03_MyAccountTest"/>
  <testcase name="checkGoogleAccountTxt" time="0.002" classname="com.google.testcases.Google_03_MyAccountTest"/>
</testsuite> <!-- com.google.testcases.Google_03_MyAccountTest -->
