<?xml version="1.0" encoding="UTF-8"?>
<!-- Generated by org.testng.reporters.JUnitReportReporter -->
<testsuite hostname="DESKTOP-95P10MB" name="com.google.testcases.Google_03_SearchTest" tests="3" failures="0" timestamp="2 Aug 2019 08:06:41 GMT" time="0.000" errors="3">
  <testcase name="checkSearch" time="0.000" classname="com.google.testcases.Google_03_SearchTest"/>
  <testcase name="checkGoogleSearch" time="0.000" classname="com.google.testcases.Google_03_SearchTest"/>
  <testcase name="checkLuckybtn" time="0.000" classname="com.google.testcases.Google_03_SearchTest"/>
</testsuite> <!-- com.google.testcases.Google_03_SearchTest -->
